Using GATK jar /nfs/sw/easybuild/software/GATK/4.5.0.0-GCCcore-12.3.0-Java-17/gatk-package-4.5.0.0-local.jar
Running:
    java -Dsamjdk.use_async_io_read_samtools=false -Dsamjdk.use_async_io_write_samtools=true -Dsamjdk.use_async_io_write_tribble=false -Dsamjdk.compression_level=2 -jar /nfs/sw/easybuild/software/GATK/4.5.0.0-GCCcore-12.3.0-Java-17/gatk-package-4.5.0.0-local.jar GetPileupSummaries --minimum-population-allele-frequency 0 --maximum-population-allele-frequency 1 --disable-read-filter MappingQualityAvailableReadFilter --disable-read-filter MappingQualityNotZeroReadFilter --disable-read-filter NotDuplicateReadFilter --disable-read-filter WellformedReadFilter -I /gpfs/commons/groups/compbio/projects/FFPE_filtering/vgrether/ebm/DLBCL/pileup_summaries/CTSP-ACY9-TTP1_temp/8fcde317-f5fc-419c-b142-67600ceb7137.rna_seq.genomic.gdc_realn.bam -V /gpfs/commons/groups/compbio/projects/FFPE_filtering/vgrether/ebm/DLBCL/pileup_summaries/CTSP-ACY9-TTP1_temp/CTSP-ACY9-TTP1.gatk.vcf -L /gpfs/commons/groups/compbio/projects/FFPE_filtering/vgrether/ebm/DLBCL/pileup_summaries/CTSP-ACY9-TTP1_temp/CTSP-ACY9-TTP1.gatk.vcf -O /gpfs/commons/groups/compbio/projects/FFPE_filtering/vgrether/ebm/DLBCL/pileup_summaries/CTSP-ACY9-TTP1_pileup.txt
13:14:49.952 INFO  NativeLibraryLoader - Loading libgkl_compression.so from jar:file:/nfs/sw/easybuild/software/GATK/4.5.0.0-GCCcore-12.3.0-Java-17/gatk-package-4.5.0.0-local.jar!/com/intel/gkl/native/libgkl_compression.so
13:14:50.177 INFO  GetPileupSummaries - ------------------------------------------------------------
13:14:50.182 INFO  GetPileupSummaries - The Genome Analysis Toolkit (GATK) v4.5.0.0
13:14:50.182 INFO  GetPileupSummaries - For support and documentation go to https://software.broadinstitute.org/gatk/
13:14:50.182 INFO  GetPileupSummaries - Executing as vgrether@ni1dc4-004.nygenome.org on Linux v5.15.0-119-generic amd64
13:14:50.183 INFO  GetPileupSummaries - Java runtime: OpenJDK 64-Bit Server VM v17.0.6+10
13:14:50.183 INFO  GetPileupSummaries - Start Date/Time: April 29, 2025 at 1:14:49 PM UTC
13:14:50.184 INFO  GetPileupSummaries - ------------------------------------------------------------
13:14:50.185 INFO  GetPileupSummaries - ------------------------------------------------------------
13:14:50.187 INFO  GetPileupSummaries - HTSJDK Version: 4.1.0
13:14:50.187 INFO  GetPileupSummaries - Picard Version: 3.1.1
13:14:50.187 INFO  GetPileupSummaries - Built for Spark Version: 3.5.0
13:14:50.188 INFO  GetPileupSummaries - HTSJDK Defaults.COMPRESSION_LEVEL : 2
13:14:50.188 INFO  GetPileupSummaries - HTSJDK Defaults.USE_ASYNC_IO_READ_FOR_SAMTOOLS : false
13:14:50.188 INFO  GetPileupSummaries - HTSJDK Defaults.USE_ASYNC_IO_WRITE_FOR_SAMTOOLS : true
13:14:50.190 INFO  GetPileupSummaries - HTSJDK Defaults.USE_ASYNC_IO_WRITE_FOR_TRIBBLE : false
13:14:50.190 INFO  GetPileupSummaries - Deflater: IntelDeflater
13:14:50.190 INFO  GetPileupSummaries - Inflater: IntelInflater
13:14:50.191 INFO  GetPileupSummaries - GCS max retries/reopens: 20
13:14:50.192 INFO  GetPileupSummaries - Requester pays: disabled
13:14:50.193 INFO  GetPileupSummaries - Initializing engine
13:14:50.535 INFO  FeatureManager - Using codec VCFCodec to read file file:///gpfs/commons/groups/compbio/projects/FFPE_filtering/vgrether/ebm/DLBCL/pileup_summaries/CTSP-ACY9-TTP1_temp/CTSP-ACY9-TTP1.gatk.vcf
13:14:50.667 INFO  FeatureManager - Using codec VCFCodec to read file file:///gpfs/commons/groups/compbio/projects/FFPE_filtering/vgrether/ebm/DLBCL/pileup_summaries/CTSP-ACY9-TTP1_temp/CTSP-ACY9-TTP1.gatk.vcf
13:14:50.960 INFO  IntervalArgumentCollection - Processing 8731 bp from intervals
13:14:51.000 INFO  GetPileupSummaries - Done initializing engine
13:14:51.014 INFO  ProgressMeter - Starting traversal
13:14:51.015 INFO  ProgressMeter -        Current Locus  Elapsed Minutes        Loci Processed      Loci/Minute
13:16:30.104 INFO  ProgressMeter -       chr9:125319390              1.7                  1000            605.6
13:25:53.736 INFO  GetPileupSummaries - 0 read(s) filtered by: MappedReadFilter 
3044739 read(s) filtered by: PrimaryLineReadFilter 
0 read(s) filtered by: PassesVendorQualityCheckReadFilter 
0 read(s) filtered by: NonZeroReferenceLengthAlignmentReadFilter 
2963 read(s) filtered by: MateOnSameContigOrNoMappedMateReadFilter 
0 read(s) filtered by: GoodCigarReadFilter 
3047702 total reads filtered out of 3186418 reads processed
13:25:53.737 INFO  ProgressMeter -       chr9:125319390             11.0                  1816            164.4
13:25:53.738 INFO  ProgressMeter - Traversal complete. Processed 1816 total loci in 11.0 minutes.
13:25:53.740 INFO  GetPileupSummaries - Shutting down engine
[April 29, 2025 at 1:25:53 PM UTC] org.broadinstitute.hellbender.tools.walkers.contamination.GetPileupSummaries done. Elapsed time: 11.06 minutes.
Runtime.totalMemory()=216989696
Tool returned:
SUCCESS
